2020-05-25 19:31:33.986  INFO 6804 --- [restartedMain] c.wangyaolang.animal.AnimalApplication   : Starting AnimalApplication on DESKTOP-C26NH04 with PID 6804 (F:\petHouse\target\classes started by asus in F:\petHouse)
2020-05-25 19:31:33.995 DEBUG 6804 --- [restartedMain] c.wangyaolang.animal.AnimalApplication   : Running with Spring Boot v2.2.4.RELEASE, Spring v5.2.3.RELEASE
2020-05-25 19:31:33.995  INFO 6804 --- [restartedMain] c.wangyaolang.animal.AnimalApplication   : No active profile set, falling back to default profiles: default
2020-05-25 19:31:34.355  INFO 6804 --- [restartedMain] .e.DevToolsPropertyDefaultsPostProcessor : Devtools property defaults active! Set 'spring.devtools.add-properties' to 'false' to disable
2020-05-25 19:31:34.355  INFO 6804 --- [restartedMain] .e.DevToolsPropertyDefaultsPostProcessor : For additional web related logging consider setting the 'logging.level.web' property to 'DEBUG'
2020-05-25 19:31:39.712  INFO 6804 --- [restartedMain] o.s.b.w.embedded.tomcat.TomcatWebServer  : Tomcat initialized with port(s): 8080 (http)
2020-05-25 19:31:39.752  INFO 6804 --- [restartedMain] o.apache.catalina.core.StandardService   : Starting service [Tomcat]
2020-05-25 19:31:39.752  INFO 6804 --- [restartedMain] org.apache.catalina.core.StandardEngine  : Starting Servlet engine: [Apache Tomcat/9.0.30]
2020-05-25 19:31:39.762  INFO 6804 --- [restartedMain] o.a.catalina.core.AprLifecycleListener   : An older version [1.2.14] of the APR based Apache Tomcat Native library is installed, while Tomcat recommends a minimum version of [1.2.23]
2020-05-25 19:31:39.762  INFO 6804 --- [restartedMain] o.a.catalina.core.AprLifecycleListener   : Loaded APR based Apache Tomcat Native library [1.2.14] using APR version [1.6.2].
2020-05-25 19:31:39.762  INFO 6804 --- [restartedMain] o.a.catalina.core.AprLifecycleListener   : APR capabilities: IPv6 [true], sendfile [true], accept filters [false], random [true].
2020-05-25 19:31:39.762  INFO 6804 --- [restartedMain] o.a.catalina.core.AprLifecycleListener   : APR/OpenSSL configuration: useAprConnector [false], useOpenSSL [true]
2020-05-25 19:31:40.941  INFO 6804 --- [restartedMain] o.a.catalina.core.AprLifecycleListener   : OpenSSL successfully initialized [OpenSSL 1.0.2l  25 May 2017]
2020-05-25 19:31:41.231  INFO 6804 --- [restartedMain] o.a.c.c.C.[Tomcat].[localhost].[/]       : Initializing Spring embedded WebApplicationContext
2020-05-25 19:31:41.231  INFO 6804 --- [restartedMain] o.s.web.context.ContextLoader            : Root WebApplicationContext: initialization completed in 6876 ms
2020-05-25 19:31:42.341  INFO 6804 --- [restartedMain] com.alibaba.druid.pool.DruidDataSource   : {dataSource-1} inited
2020-05-25 19:31:43.230 DEBUG 6804 --- [restartedMain] c.w.a.c.common.filter.AuthFilter         : Filter 'jwtAuthenticationTokenFilter' configured for use
2020-05-25 19:31:43.940  INFO 6804 --- [restartedMain] o.s.s.concurrent.ThreadPoolTaskExecutor  : Initializing ExecutorService 'applicationTaskExecutor'
2020-05-25 19:31:44.290  INFO 6804 --- [restartedMain] o.s.b.d.a.OptionalLiveReloadServer       : LiveReload server is running on port 35729
2020-05-25 19:31:44.371  INFO 6804 --- [restartedMain] o.s.b.w.embedded.tomcat.TomcatWebServer  : Tomcat started on port(s): 8080 (http) with context path ''
2020-05-25 19:31:44.371  INFO 6804 --- [restartedMain] c.wangyaolang.animal.AnimalApplication   : Started AnimalApplication in 12.584 seconds (JVM running for 19.012)
2020-05-25 19:34:14.670  INFO 6804 --- [http-nio-8080-exec-1] o.a.c.c.C.[Tomcat].[localhost].[/]       : Initializing Spring DispatcherServlet 'dispatcherServlet'
2020-05-25 19:34:14.670  INFO 6804 --- [http-nio-8080-exec-1] o.s.web.servlet.DispatcherServlet        : Initializing Servlet 'dispatcherServlet'
2020-05-25 19:34:14.681  INFO 6804 --- [http-nio-8080-exec-1] o.s.web.servlet.DispatcherServlet        : Completed initialization in 11 ms
2020-05-25 19:34:22.778 DEBUG 6804 --- [http-nio-8080-exec-2] c.w.a.dao.mapper.AUserMapper.selectList  : ==>  Preparing: SELECT id,user_name,login_pwd,user_tel,pay_pwd,user_age,user_sex,user_image,user_type,user_money,expire_time FROM a_user WHERE user_name = ? 
2020-05-25 19:34:23.787 DEBUG 6804 --- [http-nio-8080-exec-2] c.w.a.dao.mapper.AUserMapper.selectList  : ==> Parameters: wyl(String)
2020-05-25 19:34:23.897 DEBUG 6804 --- [http-nio-8080-exec-2] c.w.a.dao.mapper.AUserMapper.selectList  : <==      Total: 1
2020-05-25 19:34:23.954 DEBUG 6804 --- [http-nio-8080-exec-2] c.w.a.dao.mapper.AUserMapper.selectById  : ==>  Preparing: SELECT id,user_name,login_pwd,user_tel,pay_pwd,user_age,user_sex,user_image,user_type,user_money,expire_time FROM a_user WHERE id=? 
2020-05-25 19:34:23.955 DEBUG 6804 --- [http-nio-8080-exec-2] c.w.a.dao.mapper.AUserMapper.selectById  : ==> Parameters: 2(String)
2020-05-25 19:34:24.007 DEBUG 6804 --- [http-nio-8080-exec-2] c.w.a.dao.mapper.AUserMapper.selectById  : <==      Total: 1
2020-05-25 19:35:41.287 DEBUG 6804 --- [http-nio-8080-exec-4] c.w.a.dao.mapper.AUserMapper.selectList  : ==>  Preparing: SELECT id,user_name,login_pwd,user_tel,pay_pwd,user_age,user_sex,user_image,user_type,user_money,expire_time FROM a_user WHERE user_name = ? 
2020-05-25 19:35:41.287 DEBUG 6804 --- [http-nio-8080-exec-4] c.w.a.dao.mapper.AUserMapper.selectList  : ==> Parameters: zm(String)
2020-05-25 19:35:41.287 DEBUG 6804 --- [http-nio-8080-exec-4] c.w.a.dao.mapper.AUserMapper.selectList  : <==      Total: 1
2020-05-25 19:35:41.357 DEBUG 6804 --- [http-nio-8080-exec-9] c.w.a.dao.mapper.AUserMapper.selectList  : ==>  Preparing: SELECT id,user_name,login_pwd,user_tel,pay_pwd,user_age,user_sex,user_image,user_type,user_money,expire_time FROM a_user WHERE user_name = ? 
2020-05-25 19:35:41.357 DEBUG 6804 --- [http-nio-8080-exec-9] c.w.a.dao.mapper.AUserMapper.selectList  : ==> Parameters: zm(String)
2020-05-25 19:35:41.367 DEBUG 6804 --- [http-nio-8080-exec-9] c.w.a.dao.mapper.AUserMapper.selectList  : <==      Total: 1
2020-05-25 19:35:41.367 DEBUG 6804 --- [http-nio-8080-exec-9] c.w.a.dao.mapper.AUserMapper.selectById  : ==>  Preparing: SELECT id,user_name,login_pwd,user_tel,pay_pwd,user_age,user_sex,user_image,user_type,user_money,expire_time FROM a_user WHERE id=? 
2020-05-25 19:35:41.367 DEBUG 6804 --- [http-nio-8080-exec-9] c.w.a.dao.mapper.AUserMapper.selectById  : ==> Parameters: 8(String)
2020-05-25 19:35:41.367 DEBUG 6804 --- [http-nio-8080-exec-9] c.w.a.dao.mapper.AUserMapper.selectById  : <==      Total: 1
2020-05-25 19:35:41.401 DEBUG 6804 --- [http-nio-8080-exec-6] c.w.a.dao.mapper.AUserMapper.selectList  : ==>  Preparing: SELECT id,user_name,login_pwd,user_tel,pay_pwd,user_age,user_sex,user_image,user_type,user_money,expire_time FROM a_user WHERE user_name = ? 
2020-05-25 19:35:41.402 DEBUG 6804 --- [http-nio-8080-exec-6] c.w.a.dao.mapper.AUserMapper.selectList  : ==> Parameters: zm(String)
2020-05-25 19:35:41.404 DEBUG 6804 --- [http-nio-8080-exec-6] c.w.a.dao.mapper.AUserMapper.selectList  : <==      Total: 1
2020-05-25 19:35:41.406 DEBUG 6804 --- [http-nio-8080-exec-6] c.w.a.dao.mapper.AUserMapper.selectById  : ==>  Preparing: SELECT id,user_name,login_pwd,user_tel,pay_pwd,user_age,user_sex,user_image,user_type,user_money,expire_time FROM a_user WHERE id=? 
2020-05-25 19:35:41.406 DEBUG 6804 --- [http-nio-8080-exec-6] c.w.a.dao.mapper.AUserMapper.selectById  : ==> Parameters: 8(String)
2020-05-25 19:35:41.408 DEBUG 6804 --- [http-nio-8080-exec-6] c.w.a.dao.mapper.AUserMapper.selectById  : <==      Total: 1
2020-05-25 19:35:41.990 DEBUG 6804 --- [http-nio-8080-exec-10] c.w.a.dao.mapper.AUserMapper.selectList  : ==>  Preparing: SELECT id,user_name,login_pwd,user_tel,pay_pwd,user_age,user_sex,user_image,user_type,user_money,expire_time FROM a_user WHERE user_name = ? 
2020-05-25 19:35:41.992 DEBUG 6804 --- [http-nio-8080-exec-10] c.w.a.dao.mapper.AUserMapper.selectList  : ==> Parameters: zm(String)
2020-05-25 19:35:42.001 DEBUG 6804 --- [http-nio-8080-exec-10] c.w.a.dao.mapper.AUserMapper.selectList  : <==      Total: 1
2020-05-25 19:35:42.486 DEBUG 6804 --- [http-nio-8080-exec-10] c.w.a.dao.mapper.AAnimalMapper.getList   : ==>  Preparing: SELECT COUNT(1) FROM a_animal WHERE 1 = 1 AND animal_status IN (?, ?) 
2020-05-25 19:35:42.489 DEBUG 6804 --- [http-nio-8080-exec-10] c.w.a.dao.mapper.AAnimalMapper.getList   : ==> Parameters: 待助养(String), 待领养(String)
2020-05-25 19:35:42.574 DEBUG 6804 --- [http-nio-8080-exec-10] c.w.a.dao.mapper.AAnimalMapper.getList   : ==>  Preparing: select * from a_animal where 1 =1 AND animal_status in ( ? , ? ) order by a_animal.id desc LIMIT ?,? 
2020-05-25 19:35:42.577 DEBUG 6804 --- [http-nio-8080-exec-10] c.w.a.dao.mapper.AAnimalMapper.getList   : ==> Parameters: 待助养(String), 待领养(String), 0(Long), 8(Long)
2020-05-25 19:35:42.602 DEBUG 6804 --- [http-nio-8080-exec-10] c.w.a.dao.mapper.AAnimalMapper.getList   : <==      Total: 8
2020-05-25 19:35:44.745 DEBUG 6804 --- [http-nio-8080-exec-2] c.w.a.dao.mapper.AUserMapper.selectList  : ==>  Preparing: SELECT id,user_name,login_pwd,user_tel,pay_pwd,user_age,user_sex,user_image,user_type,user_money,expire_time FROM a_user WHERE user_name = ? 
2020-05-25 19:35:44.746 DEBUG 6804 --- [http-nio-8080-exec-2] c.w.a.dao.mapper.AUserMapper.selectList  : ==> Parameters: zm(String)
2020-05-25 19:35:44.748 DEBUG 6804 --- [http-nio-8080-exec-2] c.w.a.dao.mapper.AUserMapper.selectList  : <==      Total: 1
2020-05-25 19:35:44.753 DEBUG 6804 --- [http-nio-8080-exec-2] c.w.a.dao.mapper.AUserMapper.selectById  : ==>  Preparing: SELECT id,user_name,login_pwd,user_tel,pay_pwd,user_age,user_sex,user_image,user_type,user_money,expire_time FROM a_user WHERE id=? 
2020-05-25 19:35:44.755 DEBUG 6804 --- [http-nio-8080-exec-2] c.w.a.dao.mapper.AUserMapper.selectById  : ==> Parameters: 8(String)
2020-05-25 19:35:44.760 DEBUG 6804 --- [http-nio-8080-exec-2] c.w.a.dao.mapper.AUserMapper.selectById  : <==      Total: 1
2020-05-25 19:35:45.068 DEBUG 6804 --- [http-nio-8080-exec-4] c.w.a.dao.mapper.AUserMapper.selectList  : ==>  Preparing: SELECT id,user_name,login_pwd,user_tel,pay_pwd,user_age,user_sex,user_image,user_type,user_money,expire_time FROM a_user WHERE user_name = ? 
2020-05-25 19:35:45.068 DEBUG 6804 --- [http-nio-8080-exec-4] c.w.a.dao.mapper.AUserMapper.selectList  : ==> Parameters: zm(String)
2020-05-25 19:35:45.073 DEBUG 6804 --- [http-nio-8080-exec-4] c.w.a.dao.mapper.AUserMapper.selectList  : <==      Total: 1
2020-05-25 19:35:45.125 DEBUG 6804 --- [http-nio-8080-exec-4] c.w.a.dao.mapper.ACommentMapper.getList  : ==>  Preparing: SELECT COUNT(1) FROM a_comment c LEFT JOIN a_user u ON u.id = c.user_id LEFT JOIN a_animal a ON c.animal_id = a.id WHERE 1 = 1 AND c.user_id = ? 
2020-05-25 19:35:45.211 DEBUG 6804 --- [http-nio-8080-exec-4] c.w.a.dao.mapper.ACommentMapper.getList  : ==> Parameters: 8(Integer)
2020-05-25 19:35:45.303 DEBUG 6804 --- [http-nio-8080-exec-4] c.w.a.dao.mapper.ACommentMapper.getList  : ==>  Preparing: select c.id, c.user_id, c.comment, c.animal_id, a.animal_name, a.animal_no, u.user_name,u.user_image,a.animal_type,u.user_tel from a_comment c left join a_user u on u.id = c.user_id left join a_animal a on c.animal_id = a.id where 1 = 1 AND c.user_id = ? order by c.id desc LIMIT ?,? 
2020-05-25 19:35:45.305 DEBUG 6804 --- [http-nio-8080-exec-4] c.w.a.dao.mapper.ACommentMapper.getList  : ==> Parameters: 8(Integer), 0(Long), 10(Long)
2020-05-25 19:35:45.318 DEBUG 6804 --- [http-nio-8080-exec-4] c.w.a.dao.mapper.ACommentMapper.getList  : <==      Total: 3
